32ID: Error Code 200: No security definition has been found for the request
44GL: Error Code 200: No security definition has been found for the request
44IO: Error Code 200: No security definition has been found for the request
46HA: Error Code 200: No security definition has been found for the request
46IE: Error Code 200: No security definition has been found for the request
47HA: Error Code 200: No security definition has been found for the request
47IE: Error Code 200: No security definition has been found for the request
50GP: Error Code 200: No security definition has been found for the request
53GW: Error Code 200: No security definition has been found for the request
54GW: Error Code 200: No security definition has been found for the request
67GX: Error Code 200: No security definition has been found for the request
70GD: Error Code 200: No security definition has been found for the request
72GU: Error Code 200: No security definition has been found for the request
72HN: Error Code 200: No security definition has been found for the request
76ID: Error Code 200: No security definition has been found for the request
78GL: Error Code 200: No security definition has been found for the request
79GL: Error Code 200: No security definition has been found for the request
87FZ: Error Code 200: No security definition has been found for the request
92IP: Error Code 200: No security definition has been found for the request
97GM: Error Code 200: No security definition has been found for the request
ADME: Error Code 200: No security definition has been found for the request
ADT1: Error Code 200: No security definition has been found for the request
AEEE: Error Code 200: No security definition has been found for the request
AERI: Error Code 200: No security definition has been found for the request
AGFX: Error Code 200: No security definition has been found for the request
AIRC: Error Code 200: No security definition has been found for the request
ALF: Error Code 200: No security definition has been found for the request
ALTR: Error Code 200: No security definition has been found for the request
AMG: Error Code 200: No security definition has been found for the request
AMIF: Error Code 200: No security definition has been found for the request
AMP: Error Code 200: No security definition has been found for the request
ANXA: Error Code 200: No security definition has been found for the request
ANXB: Error Code 200: No security definition has been found for the request
AO: Error Code 200: No security definition has been found for the request
AOF: Error Code 200: No security definition has been found for the request
APAX: Error Code 200: No security definition has been found for the request
ASIA: Error Code 200: No security definition has been found for the request
ASPL: Error Code 200: No security definition has been found for the request
AT: Error Code 200: No security definition has been found for the request
AV: Error Code 200: No security definition has been found for the request
BA: Error Code 200: No security definition has been found for the request
BA05: Error Code 200: No security definition has been found for the request
BA29: Error Code 200: No security definition has been found for the request
BA47: Error Code 200: No security definition has been found for the request
BA69: Error Code 200: No security definition has been found for the request
BC88: Error Code 200: No security definition has been found for the request
BD82: Error Code 200: No security definition has been found for the request
BHMU: Error Code 200: No security definition has been found for the request
BIH: Error Code 200: No security definition has been found for the request
BIRG: Error Code 200: No security definition has been found for the request
BP: Error Code 200: No security definition has been found for the request
BPA: Error Code 200: No security definition has been found for the request
BPB: Error Code 200: No security definition has been found for the request
BPCR: Error Code 200: No security definition has been found for the request
BRAI: Error Code 200: No security definition has been found for the request
BTA: Error Code 200: No security definition has been found for the request
BUC: Error Code 200: No security definition has been found for the request
BVA: Error Code 200: No security definition has been found for the request
CASP: Error Code 200: No security definition has been found for the request
CCPA: Error Code 200: No security definition has been found for the request
CCPC: Error Code 200: No security definition has been found for the request
CHIB: Error Code 200: No security definition has been found for the request
CLAI: Error Code 200: No security definition has been found for the request
CLC: Error Code 200: No security definition has been found for the request
CLLN: Error Code 200: No security definition has been found for the request
COD: Error Code 200: No security definition has been found for the request
COR: Error Code 200: No security definition has been found for the request
CPAI: Error Code 200: No security definition has been found for the request
CRS: Error Code 200: No security definition has been found for the request
CTYA: Error Code 200: No security definition has been found for the request
CVCE: Error Code 200: No security definition has been found for the request
DAR: Error Code 200: No security definition has been found for the request
DAT: Error Code 200: No security definition has been found for the request
DFI: Error Code 200: No security definition has been found for the request
DFIB: Error Code 200: No security definition has been found for the request
DFIJ: Error Code 200: No security definition has been found for the request
DPA: Error Code 200: No security definition has been found for the request
DWHA: Error Code 200: No security definition has been found for the request
DWHT: Error Code 200: No security definition has been found for the request
ETL: Error Code 200: No security definition has been found for the request
EVPL: Error Code 200: No security definition has been found for the request
FA17: Error Code 200: No security definition has been found for the request
FAIR: Error Code 200: No security definition has been found for the request
FOX: Error Code 200: No security definition has been found for the request
GLB: Error Code 200: No security definition has been found for the request
GLV: Error Code 200: No security definition has been found for the request
GMP: Error Code 200: No security definition has been found for the request
GMPP: Error Code 200: No security definition has been found for the request
GPM: Error Code 200: No security definition has been found for the request
GRIO: Error Code 200: No security definition has been found for the request
GRP: Error Code 200: No security definition has been found for the request
GTCO: Error Code 200: No security definition has been found for the request
GWI: Error Code 200: No security definition has been found for the request
HID: Error Code 200: No security definition has been found for the request
HINT: Error Code 200: No security definition has been found for the request
HKLB: Error Code 200: No security definition has been found for the request
HKLD: Error Code 200: No security definition has been found for the request
HKLJ: Error Code 200: No security definition has been found for the request
HVPD: Error Code 200: No security definition has been found for the request
HVTB: Error Code 200: No security definition has been found for the request
HWA: Error Code 200: No security definition has been found for the request
HWC: Error Code 200: No security definition has been found for the request
IAD: Error Code 200: No security definition has been found for the request
IBAI: Error Code 200: No security definition has been found for the request
ICFG: Error Code 200: No security definition has been found for the request
IDHC: Error Code 200: No security definition has been found for the request
INLZ: Error Code 200: No security definition has been found for the request
INSA: Error Code 200: No security definition has been found for the request
INVR: Error Code 200: No security definition has been found for the request
IRON: Error Code 200: No security definition has been found for the request
JAR: Error Code 200: No security definition has been found for the request
JARB: Error Code 200: No security definition has been found for the request
JARE: Error Code 200: No security definition has been found for the request
JARJ: Error Code 200: No security definition has been found for the request
JARU: Error Code 200: No security definition has been found for the request
JD: Error Code 200: No security definition has been found for the request
JHDA: Error Code 200: No security definition has been found for the request
JPEL: Error Code 200: No security definition has been found for the request
KNM: Error Code 200: No security definition has been found for the request
KPCA: Error Code 200: No security definition has been found for the request
KPCB: Error Code 200: No security definition has been found for the request
KYGA: Error Code 200: No security definition has been found for the request
LOGP: Error Code 200: No security definition has been found for the request
LSAA: Error Code 200: No security definition has been found for the request
LTHP: Error Code 200: No security definition has been found for the request
MAC3: Error Code 200: No security definition has been found for the request
MAW: Error Code 200: No security definition has been found for the request
MBT: Error Code 200: No security definition has been found for the request
MDO: Error Code 200: No security definition has been found for the request
MDOB: Error Code 200: No security definition has been found for the request
MDOJ: Error Code 200: No security definition has been found for the request
MET: Error Code 200: No security definition has been found for the request
MIG5: Error Code 200: No security definition has been found for the request
MIK: Error Code 200: No security definition has been found for the request
MIN: Error Code 200: No security definition has been found for the request
MINA: Error Code 200: No security definition has been found for the request
MINB: Error Code 200: No security definition has been found for the request
MNTN: Error Code 200: No security definition has been found for the request
MOS: Error Code 200: No security definition has been found for the request
MRV: Error Code 200: No security definition has been found for the request
MTL: Error Code 200: No security definition has been found for the request
MTLN: Error Code 200: No security definition has been found for the request
MVIR: Error Code 200: No security definition has been found for the request
MYXR: Error Code 200: No security definition has been found for the request
NBDD: Error Code 200: No security definition has been found for the request
NBDX: Error Code 200: No security definition has been found for the request
NBPU: Error Code 200: No security definition has been found for the request
NBS: Error Code 200: No security definition has been found for the request
NG: Error Code 200: No security definition has been found for the request
OGN: Error Code 200: No security definition has been found for the request
OSEC: Error Code 200: No security definition has been found for the request
OVCT: Error Code 200: No security definition has been found for the request
OXH: Error Code 200: No security definition has been found for the request
PACS: Error Code 200: No security definition has been found for the request
PEY: Error Code 200: No security definition has been found for the request
PR1: Error Code 200: No security definition has been found for the request
PSHD: Error Code 200: No security definition has been found for the request
PTSB: Error Code 200: No security definition has been found for the request
QQ: Error Code 200: No security definition has been found for the request
RCOI: Error Code 200: No security definition has been found for the request
RE: Error Code 200: No security definition has been found for the request
REB: Error Code 200: No security definition has been found for the request
RICO: Error Code 200: No security definition has been found for the request
RLE: Error Code 200: No security definition has been found for the request
RM: Error Code 200: No security definition has been found for the request
RNEW: Error Code 200: No security definition has been found for the request
RR: Error Code 200: No security definition has been found for the request
RTW: Error Code 200: No security definition has been found for the request
SEED: Error Code 200: No security definition has been found for the request
SHIP: Error Code 200: No security definition has been found for the request
SIHL: Error Code 200: No security definition has been found for the request
SN: Error Code 200: No security definition has been found for the request
SWT: Error Code 200: No security definition has been found for the request
TFG: Error Code 200: No security definition has been found for the request
THAL: Error Code 200: No security definition has been found for the request
TMI: Error Code 200: No security definition has been found for the request
TMT: Error Code 200: No security definition has been found for the request
TNE: Error Code 200: No security definition has been found for the request
TORO: Error Code 200: No security definition has been found for the request
TPOS: Error Code 200: No security definition has been found for the request
TPOU: Error Code 200: No security definition has been found for the request
TPV: Error Code 200: No security definition has been found for the request
TRC: Error Code 200: No security definition has been found for the request
TTE: Error Code 200: No security definition has been found for the request
TW: Error Code 200: No security definition has been found for the request
TYT: Error Code 200: No security definition has been found for the request
USF: Error Code 200: No security definition has been found for the request
UU: Error Code 200: No security definition has been found for the request
VEID: Error Code 200: No security definition has been found for the request
VP: Error Code 200: No security definition has been found for the request
VTA: Error Code 200: No security definition has been found for the request
WFR: Error Code 200: No security definition has been found for the request
WG: Error Code 200: No security definition has been found for the request
WGP: Error Code 200: No security definition has been found for the request
WRN: Error Code 200: No security definition has been found for the request
YU: Error Code 200: No security definition has been found for the request
ZCC: Error Code 200: No security definition has been found for the request
